MyScriptName.cls

================================

List<Account> lstAct = [SELECT ID FROM Account];
        System.debug(loggingLevel.Error, '*** lstAct: ' + lstAct);


================================

31.0 APEX_CODE,DEBUG;APEX_PROFILING,DEBUG;CALLOUT,INFO;DB,INFO;VALIDATION,INFO;WORKFLOW,INFO
Execute Anonymous: List<Account> lstAct = [SELECT ID FROM Account];
Execute Anonymous:         System.debug(loggingLevel.Error, '*** lstAct: ' + lstAct);
16:52:51.045 (45409031)|EXECUTION_STARTED
16:52:51.045 (45421801)|CODE_UNIT_STARTED|[EXTERNAL]|execute_anonymous_apex
16:52:51.046 (46272390)|SOQL_EXECUTE_BEGIN|[1]|Aggregations:0|SELECT ID FROM Account
16:52:51.061 (61113791)|SOQL_EXECUTE_END|[1]|Rows:13
16:52:51.061 (61740340)|USER_DEBUG|[2]|ERROR|*** lstAct: (Account:{Id=0011000000w1QdTAAU}, Account:{Id=0011000000w1QdUAAU}, Account:{Id=0011000000w1QdVAAU}, Account:{Id=0011000000w1QdWAAU}, Account:{Id=0011000000w1QdXAAU}, Account:{Id=0011000000w1QdYAAU}, Account:{Id=0011000000w1QdZAAU}, Account:{Id=0011000000w1QdaAAE}, Account:{Id=0011000000w1QdbAAE}, Account:{Id=0011000000w1QdcAAE}, ...)
16:52:51.836 (61824363)|CUMULATIVE_LIMIT_USAGE
16:52:51.836|LIMIT_USAGE_FOR_NS|(default)|
  Number of SOQL queries: 1 out of 100
  Number of query rows: 13 out of 50000
  Number of SOSL queries: 0 out of 20
  Number of DML statements: 0 out of 150
  Number of DML rows: 0 out of 10000
  Maximum CPU time: 0 out of 10000
  Maximum heap size: 0 out of 6000000
  Number of callouts: 0 out of 100
  Number of Email Invocations: 0 out of 10
  Number of future calls: 0 out of 50
  Number of queueable jobs added to the queue: 0 out of 50
  Number of Mobile Apex push calls: 0 out of 10

16:52:51.836|CUMULATIVE_LIMIT_USAGE_END

16:52:51.061 (61890264)|CODE_UNIT_FINISHED|execute_anonymous_apex
16:52:51.063 (63281623)|EXECUTION_FINISHED